<?xml version="1.0" encoding="UTF-8"?>
<!-- Generated by org.testng.reporters.JUnitReportReporter -->
<testsuite hostname="LAPTOP-IJ0C13NH" failures="0" tests="1" name="demo.Tc1Test" time="0.028" errors="0" timestamp="2023-01-04T13:34:31 IST" skipped="0">
  <testcase classname="demo.Tc1Test" name="m1" time="0.028"/>
  <system-out>
    <![CDATA[tc1 running]]>
  </system-out>
</testsuite> <!-- demo.Tc1Test -->
