<?xml version="1.0" encoding="UTF-8"?>
<!-- Generated by org.testng.reporters.JUnitReportReporter -->
<testsuite hostname="LAPTOP-IJ0C13NH" failures="0" tests="1" name="demo.Tc3Test" time="0.027" errors="0" timestamp="2023-01-06T10:39:51 IST" skipped="0">
  <testcase classname="demo.Tc3Test" name="m3" time="0.027"/>
  <system-out>
    <![CDATA[tc3 running]]>
  </system-out>
</testsuite> <!-- demo.Tc3Test -->
