<?xml version="1.0" encoding="UTF-8"?>
<!-- Generated by org.testng.reporters.JUnitReportReporter -->
<testsuite hostname="LAPTOP-IJ0C13NH" failures="0" tests="1" name="demo.Tc2Test" time="0.001" errors="0" timestamp="2023-01-04T13:34:31 IST" skipped="0">
  <testcase classname="demo.Tc2Test" name="m2" time="0.001"/>
  <system-out>
    <![CDATA[tc2 running]]>
  </system-out>
</testsuite> <!-- demo.Tc2Test -->
